<?xml version="1.0" encoding="UTF-8"?>
<!-- Generated by org.testng.reporters.JUnitReportReporter -->
<testsuite hostname="Barath" failures="0" tests="1" name="com.example.demo.NewTest" time="9.601" errors="0" timestamp="2022-10-13T19:12:16 IST" skipped="0">
  <testcase classname="com.example.demo.NewTest" name="test1" time="9.601"/>
  <system-out/>
</testsuite> <!-- com.example.demo.NewTest -->
